<?xml version="1.0" encoding="UTF-8"?>
<!-- Generated by org.testng.reporters.JUnitReportReporter -->
<testsuite skipped="0" hostname="LWO-SHEETALR" name="Package1.KeyPressEventsUsingAction" tests="1" failures="0" timestamp="2020-02-27T13:13:49 IST" time="16.258" errors="0">
  <testcase name="main" time="16.258" classname="Package1.KeyPressEventsUsingAction"/>
</testsuite> <!-- Package1.KeyPressEventsUsingAction -->
