<?xml version="1.0" encoding="UTF-8"?>
<!-- Generated by org.testng.reporters.JUnitReportReporter -->
<testsuite skipped="0" hostname="LWO-SHEETALR" name="Package1.Example1" tests="1" failures="0" timestamp="2020-02-07T11:20:34 IST" time="20.422" errors="0">
  <testcase name="main" time="20.422" classname="Package1.Example1"/>
</testsuite> <!-- Package1.Example1 -->
