<?xml version="1.0" encoding="UTF-8"?>
<!-- Generated by org.testng.reporters.JUnitReportReporter -->
<testsuite skipped="0" hostname="LWO-SHEETALR" name="Package1.SliderActions" tests="1" failures="0" timestamp="2020-02-08T22:44:43 IST" time="28.730" errors="0">
  <testcase name="main" time="28.730" classname="Package1.SliderActions"/>
</testsuite> <!-- Package1.SliderActions -->
