<?xml version="1.0" encoding="UTF-8"?>
<!-- Generated by org.testng.reporters.JUnitReportReporter -->
<testsuite skipped="0" hostname="LWO-SHEETALR" name="Package1.DragAndDropElements" tests="1" failures="0" timestamp="2020-02-08T22:11:29 IST" time="17.603" errors="0">
  <testcase name="main" time="17.603" classname="Package1.DragAndDropElements"/>
</testsuite> <!-- Package1.DragAndDropElements -->
