<?xml version="1.0" encoding="UTF-8"?>
<!-- Generated by org.testng.reporters.JUnitReportReporter -->
<testsuite skipped="0" hostname="LWO-SHEETALR" name="Package1.KeyPressCombination" tests="1" failures="0" timestamp="2020-02-27T13:14:17 IST" time="14.991" errors="0">
  <testcase name="main" time="14.991" classname="Package1.KeyPressCombination"/>
</testsuite> <!-- Package1.KeyPressCombination -->
