<?xml version="1.0" encoding="UTF-8"?>
<!-- Generated by org.testng.reporters.JUnitReportReporter -->
<testsuite skipped="0" hostname="LWO-SHEETALR" name="Package1.Sample" tests="1" failures="0" timestamp="2020-05-01T23:33:36 IST" time="24.318" errors="0">
  <testcase name="main" time="24.318" classname="Package1.Sample"/>
</testsuite> <!-- Package1.Sample -->
