<?xml version="1.0" encoding="UTF-8"?>
<!-- Generated by org.testng.reporters.JUnitReportReporter -->
<testsuite skipped="0" hostname="LWO-SHEETALR" name="Package1.MouseHoverActions" tests="1" failures="0" timestamp="2020-02-09T14:05:50 IST" time="21.124" errors="0">
  <testcase name="main" time="21.124" classname="Package1.MouseHoverActions"/>
</testsuite> <!-- Package1.MouseHoverActions -->
