<?xml version="1.0" encoding="UTF-8"?>
<!-- Generated by org.testng.reporters.JUnitReportReporter -->
<testsuite skipped="0" hostname="LWO-SHEETALR" name="TestNGPackage.AssertAndReport" tests="3" failures="0" timestamp="2020-07-19T14:25:53 IST" time="0.022" errors="0">
  <testcase name="ArrayAssert" time="0.020" classname="TestNGPackage.AssertAndReport"/>
  <testcase name="StringAssert" time="0.001" classname="TestNGPackage.AssertAndReport"/>
  <testcase name="IntAssert" time="0.001" classname="TestNGPackage.AssertAndReport"/>
</testsuite> <!-- TestNGPackage.AssertAndReport -->
