<?xml version="1.0" encoding="UTF-8"?>
<!-- Generated by org.testng.reporters.JUnitReportReporter -->
<testsuite skipped="0" hostname="LWO-SHEETALR" name="TestNGPackage.TestPreserve2" tests="2" failures="0" timestamp="2020-03-07T14:56:02 IST" time="0.003" errors="0">
  <testcase name="f1" time="0.001" classname="TestNGPackage.TestPreserve2"/>
  <testcase name="f2" time="0.002" classname="TestNGPackage.TestPreserve2"/>
</testsuite> <!-- TestNGPackage.TestPreserve2 -->
