<?xml version="1.0" encoding="UTF-8"?>
<!-- Generated by org.testng.reporters.JUnitReportReporter -->
<testsuite skipped="0" hostname="LWO-SHEETALR" name="TestNGPackage.TestClass1" tests="2" failures="0" timestamp="2020-07-19T12:46:06 IST" time="0.018" errors="0">
  <testcase name="f2" time="0.006" classname="TestNGPackage.TestClass1"/>
  <testcase name="f1" time="0.012" classname="TestNGPackage.TestClass1"/>
</testsuite> <!-- TestNGPackage.TestClass1 -->
