<?xml version="1.0" encoding="UTF-8"?>
<!-- Generated by org.testng.reporters.JUnitReportReporter -->
<testsuite skipped="0" hostname="LWO-SHEETALR" name="TestNGPackage.GroupingTestMethods" tests="1" failures="0" timestamp="2020-07-19T12:50:43 IST" time="0.009" errors="0">
  <testcase name="tiger" time="0.009" classname="TestNGPackage.GroupingTestMethods"/>
</testsuite> <!-- TestNGPackage.GroupingTestMethods -->
