<?xml version="1.0" encoding="UTF-8"?>
<!-- Generated by org.testng.reporters.JUnitReportReporter -->
<testsuite skipped="1" hostname="LWO-SHEETALR" name="TestNGPackage.DisableAndTimeOutTestMethods" tests="2" failures="0" timestamp="2020-03-07T12:39:36 IST" time="0.127" errors="1">
  <testcase name="f1" time="0.127" classname="TestNGPackage.DisableAndTimeOutTestMethods">
    <error type="org.testng.internal.thread.ThreadTimeoutException" message="Method TestNGPackage.DisableAndTimeOutTestMethods.f1() didn&#039;t finish within the time-out 100">
      <![CDATA[org.testng.internal.thread.ThreadTimeoutException: Method TestNGPackage.DisableAndTimeOutTestMethods.f1() didn't finish within the time-out 100
at java.util.concurrent.FutureTask.run(Unknown Source)
at java.util.concurrent.ThreadPoolExecutor.runWorker(Unknown Source)
at java.util.concurrent.ThreadPoolExecutor$Worker.run(Unknown Source)
at java.lang.Thread.run(Unknown Source)
]]>
    </error>
  </testcase> <!-- f1 -->
  <testcase name="f2" classname="TestNGPackage.DisableAndTimeOutTestMethods">
    <skipped/>
  </testcase> <!-- f2 -->
</testsuite> <!-- TestNGPackage.DisableAndTimeOutTestMethods -->
