<?xml version="1.0" encoding="UTF-8"?>
<!-- Generated by org.testng.reporters.JUnitReportReporter -->
<testsuite skipped="0" hostname="LWO-SHEETALR" name="TestNGPackage.TestNG_Annotations2" tests="2" failures="0" timestamp="2020-07-19T11:17:27 IST" time="0.007" errors="0">
  <testcase name="f1" time="0.003" classname="TestNGPackage.TestNG_Annotations2"/>
  <testcase name="f2" time="0.004" classname="TestNGPackage.TestNG_Annotations2"/>
</testsuite> <!-- TestNGPackage.TestNG_Annotations2 -->
