<?xml version="1.0" encoding="UTF-8"?>
<!-- Generated by org.testng.reporters.JUnitReportReporter -->
<testsuite skipped="0" hostname="LWO-SHEETALR" name="TestNGPackage.TestClass2" tests="2" failures="0" timestamp="2020-07-19T11:21:30 IST" time="0.009" errors="0">
  <testcase name="f2" time="0.004" classname="TestNGPackage.TestClass2"/>
  <testcase name="f1" time="0.005" classname="TestNGPackage.TestClass2"/>
</testsuite> <!-- TestNGPackage.TestClass2 -->
