<?xml version="1.0" encoding="UTF-8"?>
<!-- Generated by org.testng.reporters.JUnitReportReporter -->
<testsuite skipped="0" hostname="LWO-SHEETALR" name="TestNGPackage.TestPreserve1" tests="2" failures="0" timestamp="2020-03-07T14:56:02 IST" time="0.014" errors="0">
  <testcase name="f2" time="0.002" classname="TestNGPackage.TestPreserve1"/>
  <testcase name="f1" time="0.012" classname="TestNGPackage.TestPreserve1"/>
</testsuite> <!-- TestNGPackage.TestPreserve1 -->
