<?xml version="1.0" encoding="UTF-8"?>
<!-- Generated by org.testng.reporters.JUnitReportReporter -->
<testsuite skipped="0" hostname="LWO-SHEETALR" name="TestNGPackage.TestParallel2" tests="2" failures="0" timestamp="2020-07-18T22:52:57 IST" time="0.008" errors="0">
  <testcase name="f2" time="0.001" classname="TestNGPackage.TestParallel2"/>
  <testcase name="f1" time="0.007" classname="TestNGPackage.TestParallel2"/>
</testsuite> <!-- TestNGPackage.TestParallel2 -->
