<?xml version="1.0" encoding="UTF-8"?>
<!-- Generated by org.testng.reporters.JUnitReportReporter -->
<testsuite skipped="0" hostname="LWO-SHEETALR" name="TestNGPackage.ParameterizeTestMethods" tests="1" failures="0" timestamp="2020-03-07T18:45:51 IST" time="0.004" errors="0">
  <testcase name="f" time="0.004" classname="TestNGPackage.ParameterizeTestMethods"/>
</testsuite> <!-- TestNGPackage.ParameterizeTestMethods -->
