<?xml version="1.0" encoding="UTF-8"?>
<!-- Generated by org.testng.reporters.JUnitReportReporter -->
<testsuite skipped="0" hostname="LWO-SHEETALR" name="TestNGPackage.NewTest" tests="1" failures="0" timestamp="2020-03-06T13:26:02 IST" time="0.012" errors="0">
  <testcase name="f" time="0.012" classname="TestNGPackage.NewTest"/>
</testsuite> <!-- TestNGPackage.NewTest -->
