<?xml version="1.0" encoding="UTF-8"?>
<!-- Generated by org.testng.reporters.JUnitReportReporter -->
<testsuite skipped="0" hostname="LWO-SHEETALR" name="TestCases.EnabledAndDisabled" tests="1" failures="0" timestamp="2020-05-01T23:45:23 IST" time="11.655" errors="0">
  <testcase name="main" time="11.655" classname="TestCases.EnabledAndDisabled"/>
</testsuite> <!-- TestCases.EnabledAndDisabled -->
