<?xml version="1.0" encoding="UTF-8"?>
<!-- Generated by org.testng.reporters.JUnitReportReporter -->
<testsuite skipped="0" hostname="LWO-SHEETALR" name="TestCases.FindElementByCssEx1" tests="1" failures="0" timestamp="2020-01-17T13:27:28 IST" time="21.877" errors="0">
  <testcase name="main" time="21.877" classname="TestCases.FindElementByCssEx1"/>
</testsuite> <!-- TestCases.FindElementByCssEx1 -->
