<?xml version="1.0" encoding="UTF-8"?>
<!-- Generated by org.testng.reporters.JUnitReportReporter -->
<testsuite skipped="0" hostname="LWO-SHEETALR" name="Switch.ex" tests="1" failures="0" timestamp="2020-02-07T11:01:11 IST" time="47.438" errors="0">
  <testcase name="main" time="47.438" classname="Switch.ex"/>
</testsuite> <!-- Switch.ex -->
