<?xml version="1.0" encoding="UTF-8"?>
<!-- Generated by org.testng.reporters.JUnitReportReporter -->
<testsuite skipped="0" hostname="LWO-SHEETALR" name="TestCases.CalendarExample" tests="1" failures="0" timestamp="2020-01-31T10:49:56 IST" time="56.093" errors="0">
  <testcase name="main" time="56.093" classname="TestCases.CalendarExample"/>
</testsuite> <!-- TestCases.CalendarExample -->
