<?xml version="1.0" encoding="UTF-8"?>
<!-- Generated by org.testng.reporters.JUnitReportReporter -->
<testsuite skipped="0" hostname="LWO-SHEETALR" name="TestCases.CssEx1" tests="1" failures="0" timestamp="2020-01-16T17:52:50 IST" time="14.368" errors="0">
  <testcase name="main" time="14.368" classname="TestCases.CssEx1"/>
</testsuite> <!-- TestCases.CssEx1 -->
