<?xml version="1.0" encoding="UTF-8"?>
<!-- Generated by org.testng.reporters.JUnitReportReporter -->
<testsuite skipped="0" hostname="LWO-SHEETALR" name="TestCases.ExplicitWait" tests="1" failures="0" timestamp="2020-01-30T16:59:28 IST" time="27.377" errors="0">
  <testcase name="main" time="27.377" classname="TestCases.ExplicitWait"/>
</testsuite> <!-- TestCases.ExplicitWait -->
