<?xml version="1.0" encoding="UTF-8"?>
<!-- Generated by org.testng.reporters.JUnitReportReporter -->
<testsuite skipped="0" hostname="LWO-SHEETALR" name="TestCases.SwitchingWindows" tests="1" failures="0" timestamp="2020-02-02T20:17:04 IST" time="36.680" errors="0">
  <testcase name="main" time="36.680" classname="TestCases.SwitchingWindows"/>
</testsuite> <!-- TestCases.SwitchingWindows -->
