<?xml version="1.0" encoding="UTF-8"?>
<!-- Generated by org.testng.reporters.JUnitReportReporter -->
<testsuite skipped="0" hostname="LWO-SHEETALR" name="TestCases.ClickUsingJavaScript" tests="1" failures="0" timestamp="2020-02-06T23:02:33 IST" time="36.904" errors="0">
  <testcase name="main" time="36.904" classname="TestCases.ClickUsingJavaScript"/>
</testsuite> <!-- TestCases.ClickUsingJavaScript -->
