<?xml version="1.0" encoding="UTF-8"?>
<!-- Generated by org.testng.reporters.JUnitReportReporter -->
<testsuite skipped="0" hostname="LWO-SHEETALR" name="TestCases.ProfilesChrome" tests="1" failures="0" timestamp="2020-01-28T15:38:44 IST" time="29.753" errors="0">
  <testcase name="main" time="29.753" classname="TestCases.ProfilesChrome"/>
</testsuite> <!-- TestCases.ProfilesChrome -->
