<?xml version="1.0" encoding="UTF-8"?>
<!-- Generated by org.testng.reporters.JUnitReportReporter -->
<testsuite skipped="0" hostname="LWO-SHEETALR" name="TestCases.NavigateWebPages" tests="1" failures="0" timestamp="2020-01-18T20:25:23 IST" time="77.713" errors="0">
  <testcase name="main" time="77.713" classname="TestCases.NavigateWebPages"/>
</testsuite> <!-- TestCases.NavigateWebPages -->
