<?xml version="1.0" encoding="UTF-8"?>
<!-- Generated by org.testng.reporters.JUnitReportReporter -->
<testsuite skipped="0" hostname="LWO-SHEETALR" name="TestCases.SwitchToIframe" tests="1" failures="0" timestamp="2020-02-06T21:19:58 IST" time="42.878" errors="0">
  <testcase name="main" time="42.878" classname="TestCases.SwitchToIframe"/>
</testsuite> <!-- TestCases.SwitchToIframe -->
