<?xml version="1.0" encoding="UTF-8"?>
<!-- Generated by org.testng.reporters.JUnitReportReporter -->
<testsuite skipped="0" hostname="LWO-SHEETALR" name="TestCases.ListOfElements" tests="1" failures="0" timestamp="2020-01-20T19:13:44 IST" time="31.047" errors="0">
  <testcase name="main" time="31.047" classname="TestCases.ListOfElements"/>
</testsuite> <!-- TestCases.ListOfElements -->
