<?xml version="1.0" encoding="UTF-8"?>
<!-- Generated by org.testng.reporters.JUnitReportReporter -->
<testsuite skipped="0" hostname="LWO-SHEETALR" name="TestCases.FindElementByClassName" tests="1" failures="0" timestamp="2020-01-18T19:42:11 IST" time="27.196" errors="0">
  <testcase name="main" time="27.196" classname="TestCases.FindElementByClassName"/>
</testsuite> <!-- TestCases.FindElementByClassName -->
