<?xml version="1.0" encoding="UTF-8"?>
<!-- Generated by org.testng.reporters.JUnitReportReporter -->
<testsuite skipped="0" hostname="LWO-SHEETALR" name="TestCases.DropDownElements" tests="1" failures="0" timestamp="2020-01-23T16:40:04 IST" time="14.980" errors="0">
  <testcase name="main" time="14.980" classname="TestCases.DropDownElements"/>
</testsuite> <!-- TestCases.DropDownElements -->
