<?xml version="1.0" encoding="UTF-8"?>
<!-- Generated by org.testng.reporters.JUnitReportReporter -->
<testsuite skipped="0" hostname="LWO-SHEETALR" name="TestCases.RadioButtonsAndCheckBoxes" tests="1" failures="0" timestamp="2020-02-18T08:16:14 IST" time="23.985" errors="0">
  <testcase name="main" time="23.985" classname="TestCases.RadioButtonsAndCheckBoxes"/>
</testsuite> <!-- TestCases.RadioButtonsAndCheckBoxes -->
