<?xml version="1.0" encoding="UTF-8"?>
<!-- Generated by org.testng.reporters.JUnitReportReporter -->
<testsuite skipped="0" hostname="LWO-SHEETALR" name="TestCases.GetAtrributeMethod" tests="1" failures="0" timestamp="2020-06-02T17:33:50 IST" time="15.702" errors="0">
  <testcase name="main" time="15.702" classname="TestCases.GetAtrributeMethod"/>
</testsuite> <!-- TestCases.GetAtrributeMethod -->
