<?xml version="1.0" encoding="UTF-8"?>
<!-- Generated by org.testng.reporters.JUnitReportReporter -->
<testsuite skipped="0" hostname="LWO-SHEETALR" name="TestCases.ScrollUsingJavaScript" tests="1" failures="0" timestamp="2020-02-09T14:12:28 IST" time="32.581" errors="0">
  <testcase name="main" time="32.581" classname="TestCases.ScrollUsingJavaScript"/>
</testsuite> <!-- TestCases.ScrollUsingJavaScript -->
