<?xml version="1.0" encoding="UTF-8"?>
<!-- Generated by org.testng.reporters.JUnitReportReporter -->
<testsuite skipped="0" hostname="LWO-SHEETALR" name="TestCases.FirstProg" tests="1" failures="0" timestamp="2020-05-01T23:28:42 IST" time="28.090" errors="0">
  <testcase name="Test1" time="28.090" classname="TestCases.FirstProg"/>
</testsuite> <!-- TestCases.FirstProg -->
