<?xml version="1.0" encoding="UTF-8"?>
<!-- Generated by org.testng.reporters.JUnitReportReporter -->
<testsuite skipped="0" hostname="LWO-SHEETALR" name="TestCases.AutoSuggestionExcample" tests="1" failures="0" timestamp="2020-02-02T16:38:29 IST" time="27.959" errors="0">
  <testcase name="main" time="27.959" classname="TestCases.AutoSuggestionExcample"/>
</testsuite> <!-- TestCases.AutoSuggestionExcample -->
