<?xml version="1.0" encoding="UTF-8"?>
<!-- Generated by org.testng.reporters.JUnitReportReporter -->
<testsuite skipped="0" hostname="LWO-SHEETALR" name="TestCases.GetTestMethod" tests="1" failures="0" timestamp="2020-01-30T13:11:40 IST" time="16.803" errors="0">
  <testcase name="main" time="16.803" classname="TestCases.GetTestMethod"/>
</testsuite> <!-- TestCases.GetTestMethod -->
