<?xml version="1.0" encoding="UTF-8"?>
<!-- Generated by org.testng.reporters.JUnitReportReporter -->
<testsuite skipped="0" hostname="LWO-SHEETALR" name="TestCases.SizeOfWindowUsingJavaScript" tests="1" failures="0" timestamp="2020-02-06T22:19:56 IST" time="31.214" errors="0">
  <testcase name="main" time="31.214" classname="TestCases.SizeOfWindowUsingJavaScript"/>
</testsuite> <!-- TestCases.SizeOfWindowUsingJavaScript -->
