<?xml version="1.0" encoding="UTF-8"?>
<!-- Generated by org.testng.reporters.JUnitReportReporter -->
<testsuite skipped="0" hostname="LWO-SHEETALR" name="TestCases.Profiles" tests="1" failures="0" timestamp="2020-01-28T15:21:10 IST" time="39.284" errors="0">
  <testcase name="main" time="39.284" classname="TestCases.Profiles"/>
</testsuite> <!-- TestCases.Profiles -->
