<?xml version="1.0" encoding="UTF-8"?>
<!-- Generated by org.testng.reporters.JUnitReportReporter -->
<testsuite skipped="0" hostname="LWO-SHEETALR" name="TestCases.SwitchToJavaScriptPopUp" tests="1" failures="0" timestamp="2020-02-06T21:37:54 IST" time="24.230" errors="0">
  <testcase name="main" time="24.230" classname="TestCases.SwitchToJavaScriptPopUp"/>
</testsuite> <!-- TestCases.SwitchToJavaScriptPopUp -->
