<?xml version="1.0" encoding="UTF-8"?>
<!-- Generated by org.testng.reporters.JUnitReportReporter -->
<testsuite skipped="0" hostname="LWO-SHEETALR" name="TestCases.SecondProg" tests="1" failures="0" timestamp="2020-05-01T23:43:27 IST" time="35.405" errors="0">
  <testcase name="main" time="35.405" classname="TestCases.SecondProg"/>
</testsuite> <!-- TestCases.SecondProg -->
