<?xml version="1.0" encoding="UTF-8"?>
<!-- Generated by org.testng.reporters.JUnitReportReporter -->
<testsuite skipped="0" hostname="LWO-SHEETALR" name="TestCases.JavaScriptExample" tests="1" failures="0" timestamp="2020-02-06T21:08:39 IST" time="34.774" errors="0">
  <testcase name="main" time="34.774" classname="TestCases.JavaScriptExample"/>
</testsuite> <!-- TestCases.JavaScriptExample -->
